TN:
SF:source/modules/appointments/services/CreateAppointmentService.ts
FN:16,(anonymous_18)
FN:17,CreateAppointmentService
FN:22,(anonymous_20)
FNF:3
FNH:3
FNDA:1,(anonymous_18)
FNDA:2,CreateAppointmentService
FNDA:3,(anonymous_20)
DA:1,1
DA:2,1
DA:3,1
DA:6,1
DA:16,1
DA:19,2
DA:22,3
DA:23,3
DA:25,3
DA:29,3
DA:30,1
DA:33,2
DA:38,2
DA:40,1
DA:42,1
LF:15
LH:15
BRDA:29,0,0,1
BRDA:29,0,1,2
BRF:2
BRH:2
end_of_record
TN:
SF:source/modules/appointments/services/ListProvidersService.ts
FN:12,(anonymous_17)
FN:13,ListProvidersService
FN:18,(anonymous_19)
FNF:3
FNH:3
FNDA:1,(anonymous_17)
FNDA:1,ListProvidersService
FNDA:1,(anonymous_19)
DA:1,1
DA:2,1
DA:12,1
DA:15,1
DA:18,1
DA:19,1
DA:23,1
DA:25,1
DA:27,1
LF:9
LH:9
BRDA:19,0,0,1
BRF:1
BRH:1
end_of_record
TN:
SF:source/modules/users/services/AuthenticateUserService.ts
FN:21,(anonymous_18)
FN:22,AuthenticateUserService
FN:30,(anonymous_20)
FNF:3
FNH:3
FNDA:1,(anonymous_18)
FNDA:3,AuthenticateUserService
FNDA:3,(anonymous_20)
DA:1,1
DA:2,1
DA:4,1
DA:5,1
DA:21,1
DA:24,3
DA:27,3
DA:30,3
DA:31,3
DA:33,3
DA:34,1
DA:37,2
DA:42,2
DA:43,1
DA:46,1
DA:47,1
DA:52,1
DA:57,1
LF:18
LH:18
BRDA:31,0,0,3
BRDA:33,1,0,1
BRDA:33,1,1,2
BRDA:42,2,0,1
BRDA:42,2,1,1
BRF:5
BRH:5
end_of_record
TN:
SF:source/modules/users/services/CreateUserService.ts
FN:17,(anonymous_18)
FN:18,CreateUserService
FN:26,(anonymous_20)
FNF:3
FNH:3
FNDA:2,(anonymous_18)
FNDA:5,CreateUserService
FNDA:5,(anonymous_20)
DA:1,2
DA:2,2
DA:4,2
DA:17,2
DA:20,5
DA:23,5
DA:26,5
DA:27,5
DA:28,5
DA:29,1
DA:32,4
DA:34,4
DA:40,4
DA:42,2
DA:44,2
LF:15
LH:15
BRDA:27,0,0,5
BRDA:28,1,0,1
BRDA:28,1,1,4
BRF:3
BRH:3
end_of_record
TN:
SF:source/modules/users/services/ResetPasswordService.ts
FN:15,(anonymous_18)
FN:16,ResetPasswordService
FN:27,(anonymous_20)
FNF:3
FNH:3
FNDA:1,(anonymous_18)
FNDA:4,ResetPasswordService
FNDA:4,(anonymous_20)
DA:1,1
DA:2,1
DA:4,1
DA:15,1
DA:18,4
DA:21,4
DA:24,4
DA:27,4
DA:28,4
DA:30,4
DA:31,1
DA:34,3
DA:36,3
DA:37,1
DA:40,2
DA:47,2
DA:48,1
DA:51,1
DA:53,2
DA:55,1
LF:20
LH:20
BRDA:28,0,0,4
BRDA:30,1,0,1
BRDA:30,1,1,3
BRDA:36,2,0,1
BRDA:36,2,1,2
BRDA:47,3,0,1
BRDA:47,3,1,1
BRF:7
BRH:7
end_of_record
TN:
SF:source/modules/users/services/SendForgotPasswordEmailService.ts
FN:14,(anonymous_18)
FN:15,SendForgotPasswordEmailService
FN:26,(anonymous_20)
FNF:3
FNH:3
FNDA:1,(anonymous_18)
FNDA:3,SendForgotPasswordEmailService
FNDA:3,(anonymous_20)
DA:1,1
DA:2,1
DA:5,1
DA:14,1
DA:17,3
DA:20,3
DA:23,3
DA:26,3
DA:27,3
DA:29,3
DA:30,1
DA:33,2
DA:35,2
DA:42,4
DA:57,1
LF:15
LH:15
BRDA:27,0,0,3
BRDA:29,1,0,1
BRDA:29,1,1,2
BRF:3
BRH:3
end_of_record
TN:
SF:source/modules/users/services/ShowProfileService.ts
FN:13,(anonymous_18)
FN:14,ShowProfileService
FN:19,(anonymous_20)
FNF:3
FNH:3
FNDA:1,(anonymous_18)
FNDA:2,ShowProfileService
FNDA:2,(anonymous_20)
DA:1,1
DA:2,1
DA:4,1
DA:13,1
DA:16,2
DA:19,2
DA:20,2
DA:22,2
DA:23,1
DA:26,1
DA:28,1
DA:30,1
LF:12
LH:12
BRDA:20,0,0,2
BRDA:22,1,0,1
BRDA:22,1,1,1
BRF:3
BRH:3
end_of_record
TN:
SF:source/modules/users/services/UpdateProfileService.ts
FN:18,(anonymous_18)
FN:19,UpdateProfileService
FN:27,(anonymous_20)
FNF:3
FNH:3
FNDA:1,(anonymous_18)
FNDA:6,UpdateProfileService
FNDA:6,(anonymous_20)
DA:1,1
DA:2,1
DA:4,1
DA:18,1
DA:21,6
DA:24,6
DA:27,1
DA:28,6
DA:29,6
DA:30,6
DA:31,6
DA:32,6
DA:34,6
DA:36,6
DA:37,1
DA:40,5
DA:43,5
DA:47,1
DA:50,4
DA:51,4
DA:53,4
DA:54,1
DA:57,4
DA:58,2
DA:63,2
DA:64,1
DA:67,1
DA:70,2
DA:72,1
DA:74,1
LF:30
LH:30
BRDA:34,0,0,6
BRDA:34,0,1,2
BRDA:36,1,0,1
BRDA:36,1,1,5
BRDA:43,2,0,1
BRDA:43,2,1,4
BRDA:44,3,0,5
BRDA:44,3,1,1
BRDA:53,4,0,1
BRDA:53,4,1,3
BRDA:53,5,0,4
BRDA:53,5,1,3
BRDA:57,6,0,1
BRDA:57,6,1,2
BRDA:57,7,0,3
BRDA:57,7,1,2
BRDA:63,8,0,1
BRDA:63,8,1,1
BRF:18
BRH:18
end_of_record
TN:
SF:source/modules/users/services/UpdateUserAvatarService.ts
FN:16,(anonymous_18)
FN:17,UpdateUserAvatarService
FN:25,(anonymous_20)
FNF:3
FNH:3
FNDA:1,(anonymous_18)
FNDA:3,UpdateUserAvatarService
FNDA:4,(anonymous_20)
DA:1,1
DA:3,1
DA:4,1
DA:16,1
DA:19,3
DA:22,3
DA:25,4
DA:26,4
DA:27,4
DA:28,1
DA:35,5
DA:36,2
DA:39,3
DA:41,3
DA:42,6
DA:44,3
DA:46,1
DA:48,1
LF:18
LH:18
BRDA:26,0,0,4
BRDA:26,0,1,3
BRDA:27,1,0,1
BRDA:27,1,1,3
BRDA:35,2,0,2
BRDA:35,2,1,1
BRF:6
BRH:6
end_of_record
